mode: set
config-manager/internal/logger/logger.go:9.31,14.2 2 1
config-manager/configs/config.go:24.27,26.52 2 1
config-manager/configs/config.go:26.52,28.3 1 0
config-manager/configs/config.go:29.2,29.13 1 1
config-manager/api/server/server.go:17.47,19.3 1 0
config-manager/api/server/server.go:22.24,36.2 6 1
config-manager/api/server/server.go:41.47,43.3 1 0
config-manager/api/server/server.go:46.19,49.2 2 1
config-manager/api/server/server.go:54.47,56.3 1 0
config-manager/api/server/server.go:59.20,69.2 5 1
config-manager/main.go:14.13,25.42 5 1
config-manager/main.go:25.42,26.13 1 0
config-manager/di/agent.go:10.43,17.2 4 1
config-manager/di/controller.go:15.64,18.16 2 1
config-manager/di/controller.go:18.16,19.57 1 0
config-manager/di/controller.go:23.2,41.50 9 1
config-manager/di/worker.go:12.58,17.2 3 1
config-manager/internal/handler/agent_handler.go:19.111,26.2 2 0
config-manager/internal/handler/agent_handler.go:39.55,42.37 3 1
config-manager/internal/handler/agent_handler.go:42.37,49.3 2 1
config-manager/internal/handler/agent_handler.go:52.2,53.16 2 1
config-manager/internal/handler/agent_handler.go:53.16,60.3 2 1
config-manager/internal/handler/agent_handler.go:62.2,64.35 3 1
config-manager/internal/handler/config_handler.go:17.96,25.2 3 0
config-manager/internal/handler/config_handler.go:38.58,41.37 3 1
config-manager/internal/handler/config_handler.go:41.37,48.3 2 1
config-manager/internal/handler/config_handler.go:50.2,50.50 1 1
config-manager/internal/handler/config_handler.go:50.50,57.3 2 1
config-manager/internal/handler/config_handler.go:59.2,63.4 1 1
config-manager/internal/handler/config_handler.go:74.57,77.16 3 1
config-manager/internal/handler/config_handler.go:77.16,84.3 2 1
config-manager/internal/handler/config_handler.go:86.2,89.35 4 1
config-manager/internal/handler/poller.go:27.121,34.2 1 1
config-manager/internal/handler/poller.go:36.36,42.6 4 1
config-manager/internal/handler/poller.go:42.6,44.17 2 1
config-manager/internal/handler/poller.go:44.17,45.9 1 0
config-manager/internal/handler/poller.go:47.3,48.30 2 1
config-manager/internal/handler/poller.go:51.2,56.14 5 0
config-manager/internal/handler/poller.go:59.39,62.6 2 1
config-manager/internal/handler/poller.go:62.6,70.17 6 1
config-manager/internal/handler/poller.go:70.17,75.12 5 1
config-manager/internal/handler/poller.go:79.3,81.39 2 1
config-manager/internal/handler/poller.go:81.39,84.12 3 1
config-manager/internal/handler/poller.go:87.3,88.72 2 1
config-manager/internal/handler/poller.go:88.72,91.12 3 1
config-manager/internal/handler/poller.go:93.3,96.43 2 1
config-manager/internal/handler/poller.go:96.43,101.100 3 1
config-manager/internal/handler/poller.go:101.100,103.5 1 1
config-manager/internal/handler/poller.go:103.10,105.5 1 1
config-manager/internal/handler/worker_handler.go:18.95,28.2 4 0
config-manager/internal/handler/worker_handler.go:30.61,33.37 3 1
config-manager/internal/handler/worker_handler.go:33.37,40.3 2 1
config-manager/internal/handler/worker_handler.go:42.2,42.58 1 1
config-manager/internal/handler/worker_handler.go:42.58,49.3 2 1
config-manager/internal/handler/worker_handler.go:51.2,56.4 2 1
config-manager/internal/handler/worker_handler.go:59.56,62.16 3 1
config-manager/internal/handler/worker_handler.go:62.16,69.3 2 1
config-manager/internal/handler/worker_handler.go:71.2,75.4 1 1
config-manager/internal/repository/agent_repository.go:18.54,20.2 1 1
config-manager/internal/repository/agent_repository.go:22.61,24.2 1 1
config-manager/internal/repository/agent_repository.go:26.69,28.63 2 1
config-manager/internal/repository/agent_repository.go:28.63,30.3 1 1
config-manager/internal/repository/agent_repository.go:31.2,31.20 1 1
config-manager/internal/repository/config_repository.go:18.56,20.2 1 1
config-manager/internal/repository/config_repository.go:22.68,24.2 1 1
config-manager/internal/repository/config_repository.go:26.70,28.75 2 1
config-manager/internal/repository/config_repository.go:28.75,30.3 1 1
config-manager/internal/repository/config_repository.go:31.2,31.21 1 1
config-manager/pkg/shared/utils/db.go:8.46,10.16 2 1
config-manager/pkg/shared/utils/db.go:10.16,12.3 1 1
config-manager/pkg/shared/utils/db.go:13.2,13.16 1 1
config-manager/pkg/shared/middleware/auth.go:10.68,11.54 1 1
config-manager/pkg/shared/middleware/auth.go:11.54,12.37 1 1
config-manager/pkg/shared/middleware/auth.go:12.37,13.51 1 1
config-manager/pkg/shared/middleware/auth.go:13.51,15.5 1 1
config-manager/pkg/shared/middleware/auth.go:16.4,16.18 1 1
config-manager/internal/usecase/agent_manager.go:23.56,28.2 1 1
config-manager/internal/usecase/agent_manager.go:30.71,35.16 4 1
config-manager/internal/usecase/agent_manager.go:35.16,37.3 1 1
config-manager/internal/usecase/agent_manager.go:38.2,42.16 4 1
config-manager/internal/usecase/agent_manager.go:42.16,44.3 1 0
config-manager/internal/usecase/agent_manager.go:45.2,47.38 2 1
config-manager/internal/usecase/agent_manager.go:47.38,49.3 1 1
config-manager/internal/usecase/agent_manager.go:51.2,52.73 2 1
config-manager/internal/usecase/agent_manager.go:52.73,54.3 1 1
config-manager/internal/usecase/agent_manager.go:56.2,56.27 1 1
config-manager/internal/usecase/agent_manager.go:59.66,64.16 4 1
config-manager/internal/usecase/agent_manager.go:64.16,66.3 1 1
config-manager/internal/usecase/agent_manager.go:67.2,70.16 3 1
config-manager/internal/usecase/agent_manager.go:70.16,72.3 1 0
config-manager/internal/usecase/agent_manager.go:73.2,75.38 2 1
config-manager/internal/usecase/agent_manager.go:75.38,77.3 1 1
config-manager/internal/usecase/agent_manager.go:78.2,78.12 1 1
config-manager/internal/usecase/agent_usecase.go:22.107,28.2 1 1
config-manager/internal/usecase/agent_usecase.go:30.99,37.50 2 1
config-manager/internal/usecase/agent_usecase.go:37.50,39.3 1 1
config-manager/internal/usecase/agent_usecase.go:41.2,45.8 1 1
config-manager/internal/usecase/config_manager.go:23.39,28.2 1 1
config-manager/internal/usecase/config_manager.go:30.67,36.2 4 1
config-manager/internal/usecase/config_manager.go:38.54,43.9 4 1
config-manager/internal/usecase/config_manager.go:43.9,45.3 1 1
config-manager/internal/usecase/config_manager.go:47.2,48.9 2 1
config-manager/internal/usecase/config_manager.go:48.9,50.3 1 1
config-manager/internal/usecase/config_manager.go:52.2,53.16 2 1
config-manager/internal/usecase/config_manager.go:53.16,55.3 1 1
config-manager/internal/usecase/config_manager.go:56.2,59.16 3 1
config-manager/internal/usecase/config_manager.go:59.16,61.3 1 0
config-manager/internal/usecase/config_manager.go:63.2,63.31 1 1
config-manager/internal/usecase/config_usecase.go:24.77,26.2 1 1
config-manager/internal/usecase/config_usecase.go:28.59,30.16 2 1
config-manager/internal/usecase/config_usecase.go:30.16,32.3 1 1
config-manager/internal/usecase/config_usecase.go:34.2,40.37 2 1
config-manager/internal/usecase/config_usecase.go:43.66,45.16 2 1
config-manager/internal/usecase/config_usecase.go:45.16,46.45 1 1
config-manager/internal/usecase/config_usecase.go:46.45,52.4 1 1
config-manager/internal/usecase/config_usecase.go:53.3,53.18 1 1
config-manager/internal/usecase/config_usecase.go:56.2,57.74 2 1
config-manager/internal/usecase/config_usecase.go:57.74,59.3 1 1
config-manager/internal/usecase/config_usecase.go:61.2,64.8 1 1
config-manager/docs/docs.go:214.13,216.2 1 0
